[INFO] [2017-07-03 10:47:49][org.springframework.web.context.ContextLoader]Root WebApplicationContext: initialization started
[INFO] [2017-07-03 10:47:49][org.springframework.web.context.support.XmlWebApplicationContext]Refreshing Root WebApplicationContext: startup date [Mon Jul 03 10:47:49 CST 2017]; root of context hierarchy
[INFO] [2017-07-03 10:47:49][org.springframework.beans.factory.xml.XmlBeanDefinitionReader]Loading XML bean definitions from class path resource [spring-mybatis.xml]
[INFO] [2017-07-03 10:47:50][org.springframework.beans.factory.config.PropertyPlaceholderConfigurer]Loading properties file from class path resource [jdbc.properties]
[INFO] [2017-07-03 10:47:50][org.springframework.web.context.ContextLoader]Root WebApplicationContext: initialization completed in 1215 ms
[INFO] [2017-07-03 10:47:50][org.springframework.web.servlet.DispatcherServlet]FrameworkServlet 'springDispatcherServlet': initialization started
[INFO] [2017-07-03 10:47:50][org.springframework.web.context.support.XmlWebApplicationContext]Refreshing WebApplicationContext for namespace 'springDispatcherServlet-servlet': startup date [Mon Jul 03 10:47:50 CST 2017]; parent: Root WebApplicationContext
[INFO] [2017-07-03 10:47:50][org.springframework.beans.factory.xml.XmlBeanDefinitionReader]Loading XML bean definitions from class path resource [springmvc.xml]
[INFO] [2017-07-03 10:47:50][org.springframework.web.servlet.handler.SimpleUrlHandlerMapping]Mapped URL path [/**] onto handler 'org.springframework.web.servlet.resource.DefaultServletHttpRequestHandler#0'
[INFO] [2017-07-03 10:47:51][org.springframework.web.servlet.mvc.method.annotation.RequestMappingHandlerMapping]Mapped "{[/user/getUser],methods=[GET]}" onto public java.lang.String com.it.controller.UserController.getUser(java.lang.Integer)
[INFO] [2017-07-03 10:47:51][org.springframework.web.servlet.mvc.method.annotation.RequestMappingHandlerMapping]Mapped "{[/user/showUser],methods=[GET]}" onto public java.lang.String com.it.controller.UserController.showUser()
[INFO] [2017-07-03 10:47:51][org.springframework.web.servlet.mvc.method.annotation.RequestMappingHandlerAdapter]Looking for @ControllerAdvice: WebApplicationContext for namespace 'springDispatcherServlet-servlet': startup date [Mon Jul 03 10:47:50 CST 2017]; parent: Root WebApplicationContext
[INFO] [2017-07-03 10:47:51][org.springframework.web.servlet.mvc.method.annotation.RequestMappingHandlerAdapter]Looking for @ControllerAdvice: WebApplicationContext for namespace 'springDispatcherServlet-servlet': startup date [Mon Jul 03 10:47:50 CST 2017]; parent: Root WebApplicationContext
[INFO] [2017-07-03 10:47:51][org.springframework.web.servlet.DispatcherServlet]FrameworkServlet 'springDispatcherServlet': initialization completed in 842 ms
[INFO] [2017-07-03 10:47:59][org.springframework.web.context.ContextLoader]Root WebApplicationContext: initialization started
[INFO] [2017-07-03 10:47:59][org.springframework.web.context.support.XmlWebApplicationContext]Refreshing Root WebApplicationContext: startup date [Mon Jul 03 10:47:59 CST 2017]; root of context hierarchy
[INFO] [2017-07-03 10:47:59][org.springframework.beans.factory.xml.XmlBeanDefinitionReader]Loading XML bean definitions from class path resource [spring-mybatis.xml]
[INFO] [2017-07-03 10:48:00][org.springframework.beans.factory.config.PropertyPlaceholderConfigurer]Loading properties file from class path resource [jdbc.properties]
[INFO] [2017-07-03 10:48:00][org.springframework.web.context.ContextLoader]Root WebApplicationContext: initialization completed in 1286 ms
[INFO] [2017-07-03 10:48:00][org.springframework.web.servlet.DispatcherServlet]FrameworkServlet 'springDispatcherServlet': initialization started
[INFO] [2017-07-03 10:48:00][org.springframework.web.context.support.XmlWebApplicationContext]Refreshing WebApplicationContext for namespace 'springDispatcherServlet-servlet': startup date [Mon Jul 03 10:48:00 CST 2017]; parent: Root WebApplicationContext
[INFO] [2017-07-03 10:48:00][org.springframework.beans.factory.xml.XmlBeanDefinitionReader]Loading XML bean definitions from class path resource [springmvc.xml]
[INFO] [2017-07-03 10:48:01][org.springframework.web.servlet.handler.SimpleUrlHandlerMapping]Mapped URL path [/**] onto handler 'org.springframework.web.servlet.resource.DefaultServletHttpRequestHandler#0'
[INFO] [2017-07-03 10:48:01][org.springframework.web.servlet.mvc.method.annotation.RequestMappingHandlerMapping]Mapped "{[/user/getUser],methods=[GET]}" onto public java.lang.String com.it.controller.UserController.getUser(java.lang.Integer)
[INFO] [2017-07-03 10:48:01][org.springframework.web.servlet.mvc.method.annotation.RequestMappingHandlerMapping]Mapped "{[/user/showUser],methods=[GET]}" onto public java.lang.String com.it.controller.UserController.showUser()
[INFO] [2017-07-03 10:48:02][org.springframework.web.servlet.mvc.method.annotation.RequestMappingHandlerAdapter]Looking for @ControllerAdvice: WebApplicationContext for namespace 'springDispatcherServlet-servlet': startup date [Mon Jul 03 10:48:00 CST 2017]; parent: Root WebApplicationContext
[INFO] [2017-07-03 10:48:02][org.springframework.web.servlet.mvc.method.annotation.RequestMappingHandlerAdapter]Looking for @ControllerAdvice: WebApplicationContext for namespace 'springDispatcherServlet-servlet': startup date [Mon Jul 03 10:48:00 CST 2017]; parent: Root WebApplicationContext
[INFO] [2017-07-03 10:48:02][org.springframework.web.servlet.DispatcherServlet]FrameworkServlet 'springDispatcherServlet': initialization completed in 1346 ms
[INFO] [2017-07-03 10:48:42][org.springframework.web.context.support.XmlWebApplicationContext]Closing WebApplicationContext for namespace 'springDispatcherServlet-servlet': startup date [Mon Jul 03 10:48:00 CST 2017]; parent: Root WebApplicationContext
[INFO] [2017-07-03 10:48:42][org.springframework.web.context.support.XmlWebApplicationContext]Closing Root WebApplicationContext: startup date [Mon Jul 03 10:47:59 CST 2017]; root of context hierarchy
[INFO] [2017-07-03 10:48:44][org.springframework.web.context.ContextLoader]Root WebApplicationContext: initialization started
[INFO] [2017-07-03 10:48:44][org.springframework.web.context.support.XmlWebApplicationContext]Refreshing Root WebApplicationContext: startup date [Mon Jul 03 10:48:44 CST 2017]; root of context hierarchy
[INFO] [2017-07-03 10:48:44][org.springframework.beans.factory.xml.XmlBeanDefinitionReader]Loading XML bean definitions from class path resource [spring-mybatis.xml]
[INFO] [2017-07-03 10:48:44][org.springframework.beans.factory.config.PropertyPlaceholderConfigurer]Loading properties file from class path resource [jdbc.properties]
[INFO] [2017-07-03 10:48:45][org.springframework.web.context.ContextLoader]Root WebApplicationContext: initialization completed in 1045 ms
[INFO] [2017-07-03 10:48:45][org.springframework.web.servlet.DispatcherServlet]FrameworkServlet 'springDispatcherServlet': initialization started
[INFO] [2017-07-03 10:48:45][org.springframework.web.context.support.XmlWebApplicationContext]Refreshing WebApplicationContext for namespace 'springDispatcherServlet-servlet': startup date [Mon Jul 03 10:48:45 CST 2017]; parent: Root WebApplicationContext
[INFO] [2017-07-03 10:48:45][org.springframework.beans.factory.xml.XmlBeanDefinitionReader]Loading XML bean definitions from class path resource [springmvc.xml]
[INFO] [2017-07-03 10:48:45][org.springframework.web.servlet.handler.SimpleUrlHandlerMapping]Mapped URL path [/**] onto handler 'org.springframework.web.servlet.resource.DefaultServletHttpRequestHandler#0'
[INFO] [2017-07-03 10:48:45][org.springframework.web.servlet.mvc.method.annotation.RequestMappingHandlerMapping]Mapped "{[/user/getUser],methods=[GET]}" onto public java.lang.String com.it.controller.UserController.getUser(java.lang.Integer)
[INFO] [2017-07-03 10:48:45][org.springframework.web.servlet.mvc.method.annotation.RequestMappingHandlerMapping]Mapped "{[/user/showUser],methods=[GET]}" onto public java.lang.String com.it.controller.UserController.showUser()
[INFO] [2017-07-03 10:48:45][org.springframework.web.servlet.mvc.method.annotation.RequestMappingHandlerAdapter]Looking for @ControllerAdvice: WebApplicationContext for namespace 'springDispatcherServlet-servlet': startup date [Mon Jul 03 10:48:45 CST 2017]; parent: Root WebApplicationContext
[INFO] [2017-07-03 10:48:45][org.springframework.web.servlet.mvc.method.annotation.RequestMappingHandlerAdapter]Looking for @ControllerAdvice: WebApplicationContext for namespace 'springDispatcherServlet-servlet': startup date [Mon Jul 03 10:48:45 CST 2017]; parent: Root WebApplicationContext
[INFO] [2017-07-03 10:48:46][org.springframework.web.servlet.DispatcherServlet]FrameworkServlet 'springDispatcherServlet': initialization completed in 819 ms
[INFO] [2017-07-03 10:48:59][org.springframework.web.context.ContextLoader]Root WebApplicationContext: initialization started
[INFO] [2017-07-03 10:48:59][org.springframework.web.context.support.XmlWebApplicationContext]Refreshing Root WebApplicationContext: startup date [Mon Jul 03 10:48:59 CST 2017]; root of context hierarchy
[INFO] [2017-07-03 10:48:59][org.springframework.beans.factory.xml.XmlBeanDefinitionReader]Loading XML bean definitions from class path resource [spring-mybatis.xml]
[INFO] [2017-07-03 10:49:00][org.springframework.beans.factory.config.PropertyPlaceholderConfigurer]Loading properties file from class path resource [jdbc.properties]
[INFO] [2017-07-03 10:49:01][org.springframework.web.context.ContextLoader]Root WebApplicationContext: initialization completed in 1743 ms
[INFO] [2017-07-03 10:49:01][org.springframework.web.servlet.DispatcherServlet]FrameworkServlet 'springDispatcherServlet': initialization started
[INFO] [2017-07-03 10:49:01][org.springframework.web.context.support.XmlWebApplicationContext]Refreshing WebApplicationContext for namespace 'springDispatcherServlet-servlet': startup date [Mon Jul 03 10:49:01 CST 2017]; parent: Root WebApplicationContext
[INFO] [2017-07-03 10:49:01][org.springframework.beans.factory.xml.XmlBeanDefinitionReader]Loading XML bean definitions from class path resource [springmvc.xml]
[INFO] [2017-07-03 10:49:01][org.springframework.web.servlet.handler.SimpleUrlHandlerMapping]Mapped URL path [/**] onto handler 'org.springframework.web.servlet.resource.DefaultServletHttpRequestHandler#0'
[INFO] [2017-07-03 10:49:01][org.springframework.web.servlet.mvc.method.annotation.RequestMappingHandlerMapping]Mapped "{[/user/getUser],methods=[GET]}" onto public java.lang.String com.it.controller.UserController.getUser(java.lang.Integer)
[INFO] [2017-07-03 10:49:01][org.springframework.web.servlet.mvc.method.annotation.RequestMappingHandlerMapping]Mapped "{[/user/showUser],methods=[GET]}" onto public java.lang.String com.it.controller.UserController.showUser()
[INFO] [2017-07-03 10:49:02][org.springframework.web.servlet.mvc.method.annotation.RequestMappingHandlerAdapter]Looking for @ControllerAdvice: WebApplicationContext for namespace 'springDispatcherServlet-servlet': startup date [Mon Jul 03 10:49:01 CST 2017]; parent: Root WebApplicationContext
[INFO] [2017-07-03 10:49:02][org.springframework.web.servlet.mvc.method.annotation.RequestMappingHandlerAdapter]Looking for @ControllerAdvice: WebApplicationContext for namespace 'springDispatcherServlet-servlet': startup date [Mon Jul 03 10:49:01 CST 2017]; parent: Root WebApplicationContext
[INFO] [2017-07-03 10:49:02][org.springframework.web.servlet.DispatcherServlet]FrameworkServlet 'springDispatcherServlet': initialization completed in 1240 ms
[INFO] [2017-07-03 10:49:23][com.it.controller.UserController]{"id":1,"name":"lili","password":"123"}
[INFO] [2017-07-03 11:25:28][com.it.controller.UserController]{"id":1,"name":"lili","password":"123"}
[INFO] [2017-07-03 11:26:08][com.it.controller.UserController]{"id":1,"name":"lili","password":"123"}
[INFO] [2017-07-03 11:26:15][com.it.controller.UserController]{"id":1,"name":"lili","password":"123"}
[INFO] [2017-07-03 11:26:23][org.springframework.web.context.ContextLoader]Root WebApplicationContext: initialization started
[INFO] [2017-07-03 11:26:23][org.springframework.web.context.support.XmlWebApplicationContext]Refreshing Root WebApplicationContext: startup date [Mon Jul 03 11:26:23 CST 2017]; root of context hierarchy
[INFO] [2017-07-03 11:26:23][org.springframework.beans.factory.xml.XmlBeanDefinitionReader]Loading XML bean definitions from class path resource [spring-mybatis.xml]
[INFO] [2017-07-03 11:26:24][org.springframework.beans.factory.config.PropertyPlaceholderConfigurer]Loading properties file from class path resource [jdbc.properties]
[INFO] [2017-07-03 11:26:25][org.springframework.web.context.ContextLoader]Root WebApplicationContext: initialization completed in 1223 ms
[INFO] [2017-07-03 11:26:25][org.springframework.web.servlet.DispatcherServlet]FrameworkServlet 'springDispatcherServlet': initialization started
[INFO] [2017-07-03 11:26:25][org.springframework.web.context.support.XmlWebApplicationContext]Refreshing WebApplicationContext for namespace 'springDispatcherServlet-servlet': startup date [Mon Jul 03 11:26:25 CST 2017]; parent: Root WebApplicationContext
[INFO] [2017-07-03 11:26:25][org.springframework.beans.factory.xml.XmlBeanDefinitionReader]Loading XML bean definitions from class path resource [springmvc.xml]
[INFO] [2017-07-03 11:26:25][org.springframework.web.servlet.handler.SimpleUrlHandlerMapping]Mapped URL path [/**] onto handler 'org.springframework.web.servlet.resource.DefaultServletHttpRequestHandler#0'
[INFO] [2017-07-03 11:26:25][org.springframework.web.servlet.mvc.method.annotation.RequestMappingHandlerMapping]Mapped "{[/user/showUser],methods=[GET]}" onto public java.lang.String com.it.controller.UserController.showUser()
[INFO] [2017-07-03 11:26:25][org.springframework.web.servlet.mvc.method.annotation.RequestMappingHandlerMapping]Mapped "{[/user/getUser],methods=[GET]}" onto public java.lang.String com.it.controller.UserController.getUser(java.lang.Integer)
[INFO] [2017-07-03 11:26:25][org.springframework.web.servlet.mvc.method.annotation.RequestMappingHandlerAdapter]Looking for @ControllerAdvice: WebApplicationContext for namespace 'springDispatcherServlet-servlet': startup date [Mon Jul 03 11:26:25 CST 2017]; parent: Root WebApplicationContext
[INFO] [2017-07-03 11:26:26][org.springframework.web.servlet.mvc.method.annotation.RequestMappingHandlerAdapter]Looking for @ControllerAdvice: WebApplicationContext for namespace 'springDispatcherServlet-servlet': startup date [Mon Jul 03 11:26:25 CST 2017]; parent: Root WebApplicationContext
[INFO] [2017-07-03 11:26:26][org.springframework.web.servlet.DispatcherServlet]FrameworkServlet 'springDispatcherServlet': initialization completed in 1080 ms
[INFO] [2017-07-03 11:26:37][com.it.controller.UserController]{"id":1,"name":"lili","password":"123"}
[INFO] [2017-07-03 11:27:23][com.it.controller.UserController]{"id":1,"name":"lili","password":"123"}
[INFO] [2017-07-03 11:27:33][com.it.controller.UserController]{"id":1,"name":"lili","password":"123"}
[INFO] [2017-07-03 11:27:40][com.it.controller.UserController]{"id":1,"name":"lili","password":"123"}
[INFO] [2017-07-04 11:40:21][org.springframework.web.context.ContextLoader]Root WebApplicationContext: initialization started
[INFO] [2017-07-04 11:40:22][org.springframework.web.context.support.XmlWebApplicationContext]Refreshing Root WebApplicationContext: startup date [Tue Jul 04 11:40:22 CST 2017]; root of context hierarchy
[INFO] [2017-07-04 11:40:22][org.springframework.beans.factory.xml.XmlBeanDefinitionReader]Loading XML bean definitions from class path resource [spring-mybatis.xml]
[INFO] [2017-07-04 11:40:22][org.springframework.beans.factory.config.PropertyPlaceholderConfigurer]Loading properties file from class path resource [jdbc.properties]
[INFO] [2017-07-04 11:40:24][org.springframework.web.context.ContextLoader]Root WebApplicationContext: initialization completed in 2120 ms
[INFO] [2017-07-04 11:40:24][org.springframework.web.servlet.DispatcherServlet]FrameworkServlet 'springDispatcherServlet': initialization started
[INFO] [2017-07-04 11:40:24][org.springframework.web.context.support.XmlWebApplicationContext]Refreshing WebApplicationContext for namespace 'springDispatcherServlet-servlet': startup date [Tue Jul 04 11:40:24 CST 2017]; parent: Root WebApplicationContext
[INFO] [2017-07-04 11:40:24][org.springframework.beans.factory.xml.XmlBeanDefinitionReader]Loading XML bean definitions from class path resource [springmvc.xml]
[INFO] [2017-07-04 11:40:24][org.springframework.web.servlet.handler.SimpleUrlHandlerMapping]Mapped URL path [/**] onto handler 'org.springframework.web.servlet.resource.DefaultServletHttpRequestHandler#0'
[INFO] [2017-07-04 11:40:24][org.springframework.web.servlet.mvc.method.annotation.RequestMappingHandlerMapping]Mapped "{[/user/getUser],methods=[GET]}" onto public java.lang.String com.it.controller.UserController.getUser(java.lang.Integer)
[INFO] [2017-07-04 11:40:24][org.springframework.web.servlet.mvc.method.annotation.RequestMappingHandlerMapping]Mapped "{[/user/showUser],methods=[GET]}" onto public java.lang.String com.it.controller.UserController.showUser()
[INFO] [2017-07-04 11:40:25][org.springframework.web.servlet.mvc.method.annotation.RequestMappingHandlerAdapter]Looking for @ControllerAdvice: WebApplicationContext for namespace 'springDispatcherServlet-servlet': startup date [Tue Jul 04 11:40:24 CST 2017]; parent: Root WebApplicationContext
[INFO] [2017-07-04 11:40:25][org.springframework.web.servlet.mvc.method.annotation.RequestMappingHandlerAdapter]Looking for @ControllerAdvice: WebApplicationContext for namespace 'springDispatcherServlet-servlet': startup date [Tue Jul 04 11:40:24 CST 2017]; parent: Root WebApplicationContext
[INFO] [2017-07-04 11:40:25][org.springframework.web.servlet.DispatcherServlet]FrameworkServlet 'springDispatcherServlet': initialization completed in 1639 ms
